<?xml version="1.0" encoding="UTF-8"?>
<!-- Generated by org.testng.reporters.JUnitReportReporter -->
<testsuite hostname="Dharmin" failures="0" tests="2" name="tests.NewTest" time="69.333" errors="0" timestamp="02 May 2019 11:50:41 GMT" skipped="0">
  <testcase classname="tests.NewTest" name="openMyBlog" time="46.613"/>
  <testcase classname="tests.NewTest" name="openMyBlog1" time="22.720"/>
</testsuite> <!-- tests.NewTest -->
